<?xml version="1.0" encoding="UTF-8"?>
<robot generator="Robot 6.1.1 (Python 3.11.4 on win32)" generated="20231224 23:00:11.141" rpa="false" schemaversion="4">
<suite id="s1" name="Test Search bar" source="C:\workV\TestAuto\Test_Search_bar.robot">
<test id="s1-t1" name="Test Brands Search" line="11">
<kw name="Open Browser To Central Website">
<kw name="Open Browser" library="SeleniumLibrary">
<arg>${URL}</arg>
<arg>${BROWSER}</arg>
<doc>Opens a new browser instance to the optional ``url``.</doc>
<msg timestamp="20231224 23:00:11.437" level="INFO">Opening browser 'Chrome' to base url 'https://www.central.co.th/en'.</msg>
<status status="PASS" starttime="20231224 23:00:11.436" endtime="20231224 23:00:17.411"/>
</kw>
<kw name="Maximize Browser Window" library="SeleniumLibrary">
<doc>Maximizes current browser window.</doc>
<status status="PASS" starttime="20231224 23:00:17.411" endtime="20231224 23:00:18.296"/>
</kw>
<kw name="Set Selenium Speed" library="SeleniumLibrary">
<arg>0.5s</arg>
<doc>Sets the delay that is waited after each Selenium command.</doc>
<status status="PASS" starttime="20231224 23:00:18.296" endtime="20231224 23:00:18.296"/>
</kw>
<status status="PASS" starttime="20231224 23:00:11.436" endtime="20231224 23:00:18.296"/>
</kw>
<kw name="Search with Brands">
<kw name="Input Text" library="SeleniumLibrary">
<arg>//*[@id="autocomplete-0-input"]</arg>
<arg>Nike</arg>
<doc>Types the given ``text`` into the text field identified by ``locator``.</doc>
<msg timestamp="20231224 23:00:18.298" level="INFO">Typing text 'Nike' into text field '//*[@id="autocomplete-0-input"]'.</msg>
<status status="PASS" starttime="20231224 23:00:18.297" endtime="20231224 23:00:24.180"/>
</kw>
<kw name="Press Keys" library="SeleniumLibrary">
<arg>//*[@id="autocomplete-0-input"]</arg>
<arg>\ue007</arg>
<doc>Simulates the user pressing key(s) to an element or on the active browser.</doc>
<msg timestamp="20231224 23:00:24.183" level="INFO">Sending key(s) ('\ue007',) to //*[@id="autocomplete-0-input"] element.</msg>
<msg timestamp="20231224 23:00:26.803" level="INFO">Sending key </msg>
<status status="PASS" starttime="20231224 23:00:24.180" endtime="20231224 23:00:27.592"/>
</kw>
<kw name="Capture Page Screenshot" library="SeleniumLibrary">
<doc>Takes a screenshot of the current page and embeds it into a log file.</doc>
<msg timestamp="20231224 23:00:28.307" level="INFO" html="true">&lt;/td&gt;&lt;/tr&gt;&lt;tr&gt;&lt;td colspan="3"&gt;&lt;a href="selenium-screenshot-2.png"&gt;&lt;img src="selenium-screenshot-2.png" width="800px"&gt;&lt;/a&gt;</msg>
<status status="PASS" starttime="20231224 23:00:27.592" endtime="20231224 23:00:28.307"/>
</kw>
<status status="PASS" starttime="20231224 23:00:18.297" endtime="20231224 23:00:28.307"/>
</kw>
<kw name="Close Browser" library="SeleniumLibrary">
<doc>Closes the current browser.</doc>
<status status="PASS" starttime="20231224 23:00:28.308" endtime="20231224 23:00:31.155"/>
</kw>
<status status="PASS" starttime="20231224 23:00:11.435" endtime="20231224 23:00:31.156"/>
</test>
<test id="s1-t2" name="Test Products Search" line="16">
<kw name="Open Browser To Central Website">
<kw name="Open Browser" library="SeleniumLibrary">
<arg>${URL}</arg>
<arg>${BROWSER}</arg>
<doc>Opens a new browser instance to the optional ``url``.</doc>
<msg timestamp="20231224 23:00:31.160" level="INFO">Opening browser 'Chrome' to base url 'https://www.central.co.th/en'.</msg>
<status status="PASS" starttime="20231224 23:00:31.159" endtime="20231224 23:00:40.329"/>
</kw>
<kw name="Maximize Browser Window" library="SeleniumLibrary">
<doc>Maximizes current browser window.</doc>
<status status="PASS" starttime="20231224 23:00:40.329" endtime="20231224 23:00:41.071"/>
</kw>
<kw name="Set Selenium Speed" library="SeleniumLibrary">
<arg>0.5s</arg>
<doc>Sets the delay that is waited after each Selenium command.</doc>
<status status="PASS" starttime="20231224 23:00:41.072" endtime="20231224 23:00:41.072"/>
</kw>
<status status="PASS" starttime="20231224 23:00:31.159" endtime="20231224 23:00:41.072"/>
</kw>
<kw name="Search with Products">
<kw name="Input Text" library="SeleniumLibrary">
<arg>//*[@id="autocomplete-0-input"]</arg>
<arg>Shoe</arg>
<doc>Types the given ``text`` into the text field identified by ``locator``.</doc>
<msg timestamp="20231224 23:00:41.076" level="INFO">Typing text 'Shoe' into text field '//*[@id="autocomplete-0-input"]'.</msg>
<status status="PASS" starttime="20231224 23:00:41.074" endtime="20231224 23:00:43.773"/>
</kw>
<kw name="Press Keys" library="SeleniumLibrary">
<arg>//*[@id="autocomplete-0-input"]</arg>
<arg>\ue007</arg>
<doc>Simulates the user pressing key(s) to an element or on the active browser.</doc>
<msg timestamp="20231224 23:00:43.775" level="INFO">Sending key(s) ('\ue007',) to //*[@id="autocomplete-0-input"] element.</msg>
<msg timestamp="20231224 23:00:45.510" level="INFO">Sending key </msg>
<status status="PASS" starttime="20231224 23:00:43.773" endtime="20231224 23:00:46.135"/>
</kw>
<kw name="Capture Page Screenshot" library="SeleniumLibrary">
<doc>Takes a screenshot of the current page and embeds it into a log file.</doc>
<msg timestamp="20231224 23:00:48.359" level="INFO" html="true">&lt;/td&gt;&lt;/tr&gt;&lt;tr&gt;&lt;td colspan="3"&gt;&lt;a href="selenium-screenshot-3.png"&gt;&lt;img src="selenium-screenshot-3.png" width="800px"&gt;&lt;/a&gt;</msg>
<status status="PASS" starttime="20231224 23:00:46.135" endtime="20231224 23:00:48.359"/>
</kw>
<status status="PASS" starttime="20231224 23:00:41.073" endtime="20231224 23:00:48.360"/>
</kw>
<kw name="Close Browser" library="SeleniumLibrary">
<doc>Closes the current browser.</doc>
<status status="PASS" starttime="20231224 23:00:48.361" endtime="20231224 23:00:51.185"/>
</kw>
<status status="PASS" starttime="20231224 23:00:31.158" endtime="20231224 23:00:51.186"/>
</test>
<test id="s1-t3" name="Test Spacebar Search" line="21">
<kw name="Open Browser To Central Website">
<kw name="Open Browser" library="SeleniumLibrary">
<arg>${URL}</arg>
<arg>${BROWSER}</arg>
<doc>Opens a new browser instance to the optional ``url``.</doc>
<msg timestamp="20231224 23:00:51.190" level="INFO">Opening browser 'Chrome' to base url 'https://www.central.co.th/en'.</msg>
<status status="PASS" starttime="20231224 23:00:51.189" endtime="20231224 23:00:57.397"/>
</kw>
<kw name="Maximize Browser Window" library="SeleniumLibrary">
<doc>Maximizes current browser window.</doc>
<status status="PASS" starttime="20231224 23:00:57.397" endtime="20231224 23:00:58.870"/>
</kw>
<kw name="Set Selenium Speed" library="SeleniumLibrary">
<arg>0.5s</arg>
<doc>Sets the delay that is waited after each Selenium command.</doc>
<status status="PASS" starttime="20231224 23:00:58.870" endtime="20231224 23:00:58.871"/>
</kw>
<status status="PASS" starttime="20231224 23:00:51.189" endtime="20231224 23:00:58.871"/>
</kw>
<kw name="Spacebar Search">
<kw name="Press Keys" library="SeleniumLibrary">
<arg>//*[@id="autocomplete-0-input"]</arg>
<arg>SPACE</arg>
<doc>Simulates the user pressing key(s) to an element or on the active browser.</doc>
<msg timestamp="20231224 23:00:58.874" level="INFO">Sending key(s) ('SPACE',) to //*[@id="autocomplete-0-input"] element.</msg>
<msg timestamp="20231224 23:01:03.098" level="INFO">Pressing special key SPACE to element.</msg>
<msg timestamp="20231224 23:01:03.098" level="INFO">Releasing special key SPACE.</msg>
<status status="PASS" starttime="20231224 23:00:58.873" endtime="20231224 23:01:03.814"/>
</kw>
<kw name="Sleep" library="BuiltIn">
<arg>3s</arg>
<doc>Pauses the test executed for the given time.</doc>
<msg timestamp="20231224 23:01:06.814" level="INFO">Slept 3 seconds</msg>
<status status="PASS" starttime="20231224 23:01:03.814" endtime="20231224 23:01:06.814"/>
</kw>
<kw name="Get Text" library="SeleniumLibrary">
<var>${text}</var>
<arg>xpath=//*[@id="searchSuggestions"]/div/div[1]/section[1]/div/div</arg>
<doc>Returns the text value of the element identified by ``locator``.</doc>
<msg timestamp="20231224 23:01:07.855" level="INFO">${text} = TRENDING</msg>
<status status="PASS" starttime="20231224 23:01:06.815" endtime="20231224 23:01:07.855"/>
</kw>
<kw name="Log" library="BuiltIn">
<arg>${text}</arg>
<doc>Logs the given message with the given level.</doc>
<msg timestamp="20231224 23:01:07.855" level="INFO">TRENDING</msg>
<status status="PASS" starttime="20231224 23:01:07.855" endtime="20231224 23:01:07.855"/>
</kw>
<kw name="Set Variable" library="BuiltIn">
<var>${expected_result}</var>
<arg>TRENDING</arg>
<doc>Returns the given values which can then be assigned to a variables.</doc>
<msg timestamp="20231224 23:01:07.856" level="INFO">${expected_result} = TRENDING</msg>
<status status="PASS" starttime="20231224 23:01:07.855" endtime="20231224 23:01:07.856"/>
</kw>
<kw name="Set Variable" library="BuiltIn">
<var>${actual_result}</var>
<arg>${text}</arg>
<doc>Returns the given values which can then be assigned to a variables.</doc>
<msg timestamp="20231224 23:01:07.856" level="INFO">${actual_result} = TRENDING</msg>
<status status="PASS" starttime="20231224 23:01:07.856" endtime="20231224 23:01:07.856"/>
</kw>
<kw name="Should Be Equal As Strings" library="BuiltIn">
<arg>${actual_result}</arg>
<arg>${expected_result}</arg>
<doc>Fails if objects are unequal after converting them to strings.</doc>
<status status="PASS" starttime="20231224 23:01:07.856" endtime="20231224 23:01:07.857"/>
</kw>
<kw name="Capture Page Screenshot" library="SeleniumLibrary">
<doc>Takes a screenshot of the current page and embeds it into a log file.</doc>
<msg timestamp="20231224 23:01:08.492" level="INFO" html="true">&lt;/td&gt;&lt;/tr&gt;&lt;tr&gt;&lt;td colspan="3"&gt;&lt;a href="selenium-screenshot-4.png"&gt;&lt;img src="selenium-screenshot-4.png" width="800px"&gt;&lt;/a&gt;</msg>
<status status="PASS" starttime="20231224 23:01:07.857" endtime="20231224 23:01:08.492"/>
</kw>
<status status="PASS" starttime="20231224 23:00:58.872" endtime="20231224 23:01:08.492"/>
</kw>
<kw name="Close Browser" library="SeleniumLibrary">
<doc>Closes the current browser.</doc>
<status status="PASS" starttime="20231224 23:01:08.493" endtime="20231224 23:01:11.429"/>
</kw>
<status status="PASS" starttime="20231224 23:00:51.188" endtime="20231224 23:01:11.432"/>
</test>
<test id="s1-t4" name="Test Special Characters" line="26">
<kw name="Open Browser To Central Website">
<kw name="Open Browser" library="SeleniumLibrary">
<arg>${URL}</arg>
<arg>${BROWSER}</arg>
<doc>Opens a new browser instance to the optional ``url``.</doc>
<msg timestamp="20231224 23:01:11.438" level="INFO">Opening browser 'Chrome' to base url 'https://www.central.co.th/en'.</msg>
<status status="PASS" starttime="20231224 23:01:11.436" endtime="20231224 23:01:17.447"/>
</kw>
<kw name="Maximize Browser Window" library="SeleniumLibrary">
<doc>Maximizes current browser window.</doc>
<status status="PASS" starttime="20231224 23:01:17.447" endtime="20231224 23:01:18.468"/>
</kw>
<kw name="Set Selenium Speed" library="SeleniumLibrary">
<arg>0.5s</arg>
<doc>Sets the delay that is waited after each Selenium command.</doc>
<status status="PASS" starttime="20231224 23:01:18.468" endtime="20231224 23:01:18.468"/>
</kw>
<status status="PASS" starttime="20231224 23:01:11.435" endtime="20231224 23:01:18.468"/>
</kw>
<kw name="Search with Special Characters">
<kw name="Input Text" library="SeleniumLibrary">
<arg>//*[@id="autocomplete-0-input"]</arg>
<arg>@#$%</arg>
<doc>Types the given ``text`` into the text field identified by ``locator``.</doc>
<msg timestamp="20231224 23:01:18.470" level="INFO">Typing text '@#$%' into text field '//*[@id="autocomplete-0-input"]'.</msg>
<status status="PASS" starttime="20231224 23:01:18.470" endtime="20231224 23:01:21.274"/>
</kw>
<kw name="Press Keys" library="SeleniumLibrary">
<arg>//*[@id="autocomplete-0-input"]</arg>
<arg>\ue007</arg>
<doc>Simulates the user pressing key(s) to an element or on the active browser.</doc>
<msg timestamp="20231224 23:01:21.276" level="INFO">Sending key(s) ('\ue007',) to //*[@id="autocomplete-0-input"] element.</msg>
<msg timestamp="20231224 23:01:22.985" level="INFO">Sending key </msg>
<status status="PASS" starttime="20231224 23:01:21.274" endtime="20231224 23:01:23.560"/>
</kw>
<kw name="Capture Page Screenshot" library="SeleniumLibrary">
<doc>Takes a screenshot of the current page and embeds it into a log file.</doc>
<msg timestamp="20231224 23:01:24.367" level="INFO" html="true">&lt;/td&gt;&lt;/tr&gt;&lt;tr&gt;&lt;td colspan="3"&gt;&lt;a href="selenium-screenshot-5.png"&gt;&lt;img src="selenium-screenshot-5.png" width="800px"&gt;&lt;/a&gt;</msg>
<status status="PASS" starttime="20231224 23:01:23.560" endtime="20231224 23:01:24.367"/>
</kw>
<status status="PASS" starttime="20231224 23:01:18.469" endtime="20231224 23:01:24.367"/>
</kw>
<kw name="Close Browser" library="SeleniumLibrary">
<doc>Closes the current browser.</doc>
<status status="PASS" starttime="20231224 23:01:24.368" endtime="20231224 23:01:27.176"/>
</kw>
<status status="PASS" starttime="20231224 23:01:11.434" endtime="20231224 23:01:27.177"/>
</test>
<test id="s1-t5" name="Check Empty Input" line="31">
<kw name="Open Browser To Central Website">
<kw name="Open Browser" library="SeleniumLibrary">
<arg>${URL}</arg>
<arg>${BROWSER}</arg>
<doc>Opens a new browser instance to the optional ``url``.</doc>
<msg timestamp="20231224 23:01:27.182" level="INFO">Opening browser 'Chrome' to base url 'https://www.central.co.th/en'.</msg>
<status status="PASS" starttime="20231224 23:01:27.181" endtime="20231224 23:01:37.465"/>
</kw>
<kw name="Maximize Browser Window" library="SeleniumLibrary">
<doc>Maximizes current browser window.</doc>
<status status="PASS" starttime="20231224 23:01:37.465" endtime="20231224 23:01:38.129"/>
</kw>
<kw name="Set Selenium Speed" library="SeleniumLibrary">
<arg>0.5s</arg>
<doc>Sets the delay that is waited after each Selenium command.</doc>
<status status="PASS" starttime="20231224 23:01:38.130" endtime="20231224 23:01:38.130"/>
</kw>
<status status="PASS" starttime="20231224 23:01:27.180" endtime="20231224 23:01:38.130"/>
</kw>
<kw name="Set Variable" library="BuiltIn">
<var>${input}</var>
<arg>${EMPTY}</arg>
<doc>Returns the given values which can then be assigned to a variables.</doc>
<msg timestamp="20231224 23:01:38.132" level="INFO">${input} = </msg>
<status status="PASS" starttime="20231224 23:01:38.131" endtime="20231224 23:01:38.132"/>
</kw>
<kw name="Run Keyword If" library="BuiltIn">
<arg>'${input}' == '${EMPTY}'</arg>
<arg>Log</arg>
<arg>Input is empty</arg>
<arg>ELSE</arg>
<arg>Log</arg>
<arg>Input is not empty</arg>
<doc>Runs the given keyword with the given arguments, if ``condition`` is true.</doc>
<kw name="Log" library="BuiltIn">
<arg>Input is empty</arg>
<doc>Logs the given message with the given level.</doc>
<msg timestamp="20231224 23:01:38.136" level="INFO">Input is empty</msg>
<status status="PASS" starttime="20231224 23:01:38.135" endtime="20231224 23:01:38.136"/>
</kw>
<status status="PASS" starttime="20231224 23:01:38.133" endtime="20231224 23:01:38.136"/>
</kw>
<kw name="Capture Page Screenshot" library="SeleniumLibrary">
<doc>Takes a screenshot of the current page and embeds it into a log file.</doc>
<msg timestamp="20231224 23:01:39.213" level="INFO" html="true">&lt;/td&gt;&lt;/tr&gt;&lt;tr&gt;&lt;td colspan="3"&gt;&lt;a href="selenium-screenshot-6.png"&gt;&lt;img src="selenium-screenshot-6.png" width="800px"&gt;&lt;/a&gt;</msg>
<status status="PASS" starttime="20231224 23:01:38.136" endtime="20231224 23:01:39.213"/>
</kw>
<kw name="Close Browser" library="SeleniumLibrary">
<doc>Closes the current browser.</doc>
<status status="PASS" starttime="20231224 23:01:39.214" endtime="20231224 23:01:41.946"/>
</kw>
<status status="PASS" starttime="20231224 23:01:27.179" endtime="20231224 23:01:41.947"/>
</test>
<test id="s1-t6" name="Test Fliter Fuction" line="41">
<kw name="Open Browser To Central Website">
<kw name="Open Browser" library="SeleniumLibrary">
<arg>${URL}</arg>
<arg>${BROWSER}</arg>
<doc>Opens a new browser instance to the optional ``url``.</doc>
<msg timestamp="20231224 23:01:41.954" level="INFO">Opening browser 'Chrome' to base url 'https://www.central.co.th/en'.</msg>
<status status="PASS" starttime="20231224 23:01:41.952" endtime="20231224 23:01:48.121"/>
</kw>
<kw name="Maximize Browser Window" library="SeleniumLibrary">
<doc>Maximizes current browser window.</doc>
<status status="PASS" starttime="20231224 23:01:48.121" endtime="20231224 23:01:49.140"/>
</kw>
<kw name="Set Selenium Speed" library="SeleniumLibrary">
<arg>0.5s</arg>
<doc>Sets the delay that is waited after each Selenium command.</doc>
<status status="PASS" starttime="20231224 23:01:49.140" endtime="20231224 23:01:49.141"/>
</kw>
<status status="PASS" starttime="20231224 23:01:41.952" endtime="20231224 23:01:49.141"/>
</kw>
<kw name="Test Filter">
<kw name="Input Text" library="SeleniumLibrary">
<arg>//*[@id="autocomplete-0-input"]</arg>
<arg>Nike</arg>
<doc>Types the given ``text`` into the text field identified by ``locator``.</doc>
<msg timestamp="20231224 23:01:49.143" level="INFO">Typing text 'Nike' into text field '//*[@id="autocomplete-0-input"]'.</msg>
<status status="PASS" starttime="20231224 23:01:49.142" endtime="20231224 23:01:57.258"/>
</kw>
<kw name="Press Keys" library="SeleniumLibrary">
<arg>//*[@id="autocomplete-0-input"]</arg>
<arg>\ue007</arg>
<doc>Simulates the user pressing key(s) to an element or on the active browser.</doc>
<msg timestamp="20231224 23:01:57.260" level="INFO">Sending key(s) ('\ue007',) to //*[@id="autocomplete-0-input"] element.</msg>
<msg timestamp="20231224 23:02:00.785" level="INFO">Sending key </msg>
<status status="PASS" starttime="20231224 23:01:57.258" endtime="20231224 23:02:01.602"/>
</kw>
<kw name="Capture Page Screenshot" library="SeleniumLibrary">
<doc>Takes a screenshot of the current page and embeds it into a log file.</doc>
<msg timestamp="20231224 23:02:02.703" level="INFO" html="true">&lt;/td&gt;&lt;/tr&gt;&lt;tr&gt;&lt;td colspan="3"&gt;&lt;a href="selenium-screenshot-7.png"&gt;&lt;img src="selenium-screenshot-7.png" width="800px"&gt;&lt;/a&gt;</msg>
<status status="PASS" starttime="20231224 23:02:01.602" endtime="20231224 23:02:02.704"/>
</kw>
<kw name="Click Button" library="SeleniumLibrary">
<arg>xpath=//*[@id="autocomplete-0-item-4"]/button</arg>
<doc>Clicks the button identified by ``locator``.</doc>
<msg timestamp="20231224 23:02:02.705" level="INFO">Clicking button 'xpath=//*[@id="autocomplete-0-item-4"]/button'.</msg>
<status status="PASS" starttime="20231224 23:02:02.704" endtime="20231224 23:02:05.845"/>
</kw>
<kw name="Mouse Over" library="SeleniumLibrary">
<arg>xpath=//*[@id="product-list"]/div/div/ol/li[1]/div/div[1]/a</arg>
<doc>Simulates hovering the mouse over the element ``locator``.</doc>
<msg timestamp="20231224 23:02:05.846" level="INFO">Simulating Mouse Over on element 'xpath=//*[@id="product-list"]/div/div/ol/li[1]/div/div[1]/a'.</msg>
<status status="PASS" starttime="20231224 23:02:05.845" endtime="20231224 23:02:09.200"/>
</kw>
<kw name="Sleep" library="BuiltIn">
<arg>2s</arg>
<doc>Pauses the test executed for the given time.</doc>
<msg timestamp="20231224 23:02:11.201" level="INFO">Slept 2 seconds</msg>
<status status="PASS" starttime="20231224 23:02:09.200" endtime="20231224 23:02:11.201"/>
</kw>
<kw name="Click Element" library="SeleniumLibrary">
<arg>xpath=//*[@id="product-list"]/div/div/ol/li[1]/div/div[1]</arg>
<doc>Click the element identified by ``locator``.</doc>
<msg timestamp="20231224 23:02:11.201" level="INFO">Clicking element 'xpath=//*[@id="product-list"]/div/div/ol/li[1]/div/div[1]'.</msg>
<status status="PASS" starttime="20231224 23:02:11.201" endtime="20231224 23:02:15.328"/>
</kw>
<kw name="Capture Page Screenshot" library="SeleniumLibrary">
<doc>Takes a screenshot of the current page and embeds it into a log file.</doc>
<msg timestamp="20231224 23:02:16.537" level="INFO" html="true">&lt;/td&gt;&lt;/tr&gt;&lt;tr&gt;&lt;td colspan="3"&gt;&lt;a href="selenium-screenshot-8.png"&gt;&lt;img src="selenium-screenshot-8.png" width="800px"&gt;&lt;/a&gt;</msg>
<status status="PASS" starttime="20231224 23:02:15.328" endtime="20231224 23:02:16.537"/>
</kw>
<status status="PASS" starttime="20231224 23:01:49.141" endtime="20231224 23:02:16.537"/>
</kw>
<kw name="Close Browser" library="SeleniumLibrary">
<doc>Closes the current browser.</doc>
<status status="PASS" starttime="20231224 23:02:16.537" endtime="20231224 23:02:19.631"/>
</kw>
<status status="PASS" starttime="20231224 23:01:41.950" endtime="20231224 23:02:19.632"/>
</test>
<test id="s1-t7" name="Test Click x icon" line="46">
<kw name="Open Browser To Central Website">
<kw name="Open Browser" library="SeleniumLibrary">
<arg>${URL}</arg>
<arg>${BROWSER}</arg>
<doc>Opens a new browser instance to the optional ``url``.</doc>
<msg timestamp="20231224 23:02:19.637" level="INFO">Opening browser 'Chrome' to base url 'https://www.central.co.th/en'.</msg>
<status status="PASS" starttime="20231224 23:02:19.636" endtime="20231224 23:02:25.267"/>
</kw>
<kw name="Maximize Browser Window" library="SeleniumLibrary">
<doc>Maximizes current browser window.</doc>
<status status="PASS" starttime="20231224 23:02:25.268" endtime="20231224 23:02:26.469"/>
</kw>
<kw name="Set Selenium Speed" library="SeleniumLibrary">
<arg>0.5s</arg>
<doc>Sets the delay that is waited after each Selenium command.</doc>
<status status="PASS" starttime="20231224 23:02:26.469" endtime="20231224 23:02:26.469"/>
</kw>
<status status="PASS" starttime="20231224 23:02:19.635" endtime="20231224 23:02:26.470"/>
</kw>
<kw name="Search with Products">
<kw name="Input Text" library="SeleniumLibrary">
<arg>//*[@id="autocomplete-0-input"]</arg>
<arg>Shoe</arg>
<doc>Types the given ``text`` into the text field identified by ``locator``.</doc>
<msg timestamp="20231224 23:02:26.473" level="INFO">Typing text 'Shoe' into text field '//*[@id="autocomplete-0-input"]'.</msg>
<status status="PASS" starttime="20231224 23:02:26.472" endtime="20231224 23:02:28.765"/>
</kw>
<kw name="Press Keys" library="SeleniumLibrary">
<arg>//*[@id="autocomplete-0-input"]</arg>
<arg>\ue007</arg>
<doc>Simulates the user pressing key(s) to an element or on the active browser.</doc>
<msg timestamp="20231224 23:02:28.767" level="INFO">Sending key(s) ('\ue007',) to //*[@id="autocomplete-0-input"] element.</msg>
<msg timestamp="20231224 23:02:30.585" level="INFO">Sending key </msg>
<status status="PASS" starttime="20231224 23:02:28.766" endtime="20231224 23:02:31.239"/>
</kw>
<kw name="Capture Page Screenshot" library="SeleniumLibrary">
<doc>Takes a screenshot of the current page and embeds it into a log file.</doc>
<msg timestamp="20231224 23:02:33.748" level="INFO" html="true">&lt;/td&gt;&lt;/tr&gt;&lt;tr&gt;&lt;td colspan="3"&gt;&lt;a href="selenium-screenshot-9.png"&gt;&lt;img src="selenium-screenshot-9.png" width="800px"&gt;&lt;/a&gt;</msg>
<status status="PASS" starttime="20231224 23:02:31.239" endtime="20231224 23:02:33.748"/>
</kw>
<status status="PASS" starttime="20231224 23:02:26.470" endtime="20231224 23:02:33.748"/>
</kw>
<kw name="Clear Search Results">
<kw name="Click Button" library="SeleniumLibrary">
<arg>xpath=//*[@id="searchBox"]/div/form/div[3]/button</arg>
<doc>Clicks the button identified by ``locator``.</doc>
<msg timestamp="20231224 23:02:33.750" level="INFO">Clicking button 'xpath=//*[@id="searchBox"]/div/form/div[3]/button'.</msg>
<status status="PASS" starttime="20231224 23:02:33.750" endtime="20231224 23:02:36.703"/>
</kw>
<kw name="Capture Page Screenshot" library="SeleniumLibrary">
<doc>Takes a screenshot of the current page and embeds it into a log file.</doc>
<msg timestamp="20231224 23:02:37.569" level="INFO" html="true">&lt;/td&gt;&lt;/tr&gt;&lt;tr&gt;&lt;td colspan="3"&gt;&lt;a href="selenium-screenshot-10.png"&gt;&lt;img src="selenium-screenshot-10.png" width="800px"&gt;&lt;/a&gt;</msg>
<status status="PASS" starttime="20231224 23:02:36.704" endtime="20231224 23:02:37.569"/>
</kw>
<status status="PASS" starttime="20231224 23:02:33.749" endtime="20231224 23:02:37.569"/>
</kw>
<kw name="Close Browser" library="SeleniumLibrary">
<doc>Closes the current browser.</doc>
<status status="PASS" starttime="20231224 23:02:37.570" endtime="20231224 23:02:40.512"/>
</kw>
<status status="PASS" starttime="20231224 23:02:19.634" endtime="20231224 23:02:40.513"/>
</test>
<status status="PASS" starttime="20231224 23:00:11.149" endtime="20231224 23:02:40.516"/>
</suite>
<statistics>
<total>
<stat pass="7" fail="0" skip="0">All Tests</stat>
</total>
<tag>
</tag>
<suite>
<stat pass="7" fail="0" skip="0" id="s1" name="Test Search bar">Test Search bar</stat>
</suite>
</statistics>
<errors>
<msg timestamp="20231224 23:00:11.433" level="ERROR">Error in file 'C:\workV\TestAuto\Test_Search_bar.robot' on line 3: Importing library 'Browser' failed: ModuleNotFoundError: No module named 'Browser'
Traceback (most recent call last):
  None
PYTHONPATH:
  C:\workV\TestAuto\env\Scripts\robot.exe
  C:\Python311\python311.zip
  C:\Python311\DLLs
  C:\Python311\Lib
  C:\Python311
  C:\workV\TestAuto\env
  C:\workV\TestAuto\env\Lib\site-packages</msg>
</errors>
</robot>
